SF:lib\src\callback\callback.typedef.dart
DA:3,0
DA:5,0
LF:2
LH:0
end_of_record
SF:lib\src\exception\basic.exception.dart
DA:5,0
DA:6,0
DA:7,0
DA:8,0
DA:9,0
DA:10,0
DA:11,0
DA:12,0
DA:13,0
DA:17,0
DA:18,0
DA:19,0
DA:21,0
DA:23,0
DA:24,0
DA:25,0
DA:26,0
LF:17
LH:0
end_of_record
SF:lib\src\exception\empty.exception.dart
DA:9,0
LF:1
LH:0
end_of_record
SF:lib\src\exception\exception_severity.enum.dart
DA:1,2
LF:1
LH:1
end_of_record
SF:lib\src\lifecycle\call_to_execute.mixin.dart
DA:4,0
LF:1
LH:0
end_of_record
SF:lib\src\object\object_as_stream.extension.dart
DA:2,2
DA:3,2
LF:2
LH:2
end_of_record
